0 info it worked if it ends with ok
1 verbose cli [ 'C:\\Program Files (x86)\\nodejs\\\\node.exe',
1 verbose cli   'C:\\Program Files (x86)\\nodejs\\node_modules\\npm\\bin\\npm-cli.js',
1 verbose cli   'update' ]
2 info using npm@2.5.1
3 info using node@v0.12.1
4 verbose node symlink C:\Program Files (x86)\nodejs\\node.exe
5 silly mapToRegistry name resize
6 silly mapToRegistry using default registry
7 silly mapToRegistry registry https://registry.npmjs.org/
8 silly mapToRegistry uri https://registry.npmjs.org/resize
9 verbose request uri https://registry.npmjs.org/resize
10 verbose request no auth needed
11 info attempt registry request try #1 at 12:46:06 PM
12 verbose request id f8436d0fe5767d71
13 verbose etag "EHVUA6I8FWOEIWN92AX8MVKPH"
14 http request GET https://registry.npmjs.org/resize
15 http 304 https://registry.npmjs.org/resize
16 silly get cb [ 304,
16 silly get   { date: 'Thu, 30 Jul 2015 18:46:06 GMT',
16 silly get     via: '1.1 varnish',
16 silly get     'cache-control': 'max-age=60',
16 silly get     etag: '"EHVUA6I8FWOEIWN92AX8MVKPH"',
16 silly get     age: '0',
16 silly get     connection: 'keep-alive',
16 silly get     'x-served-by': 'cache-sjc3132-SJC',
16 silly get     'x-cache': 'MISS',
16 silly get     'x-cache-hits': '0',
16 silly get     'x-timer': 'S1438281966.155086,VS0,VE168',
16 silly get     vary: 'Accept' } ]
17 verbose etag https://registry.npmjs.org/resize from cache
18 verbose get saving resize to C:\Users\chris\AppData\Roaming\npm-cache\registry.npmjs.org\resize\.cache.json
19 info outdated updating [ [ 'C:\\Users\\chris\\git\\LabJack\\pm\\website_application_features',
19 info outdated     'resize',
19 info outdated     undefined,
19 info outdated     '0.7.2',
19 info outdated     '0.7.2',
19 info outdated     '0.7.2' ] ]
20 verbose install where, what [ 'C:\\Users\\chris\\git\\LabJack\\pm\\website_application_features',
20 verbose install   [ 'resize@0.7.2' ] ]
21 silly cache add args [ 'resize@0.7.2', null ]
22 verbose cache add spec resize@0.7.2
23 silly cache add parsed spec { raw: 'resize@0.7.2',
23 silly cache add   scope: null,
23 silly cache add   name: 'resize',
23 silly cache add   rawSpec: '0.7.2',
23 silly cache add   spec: '0.7.2',
23 silly cache add   type: 'version' }
24 verbose addNamed resize@0.7.2
25 silly addNamed semver.valid 0.7.2
26 silly addNamed semver.validRange 0.7.2
27 silly mapToRegistry name resize
28 silly mapToRegistry using default registry
29 silly mapToRegistry registry https://registry.npmjs.org/
30 silly mapToRegistry uri https://registry.npmjs.org/resize
31 verbose addNameVersion registry:https://registry.npmjs.org/resize not in flight; fetching
32 verbose get https://registry.npmjs.org/resize not expired, no request
33 silly cache afterAdd resize@0.7.2
34 verbose afterAdd C:\Users\chris\AppData\Roaming\npm-cache\resize\0.7.2\package\package.json not in flight; writing
35 verbose afterAdd C:\Users\chris\AppData\Roaming\npm-cache\resize\0.7.2\package\package.json written
36 silly install resolved [ { name: 'resize',
36 silly install resolved     version: '0.7.2',
36 silly install resolved     description: 'Image resizer',
36 silly install resolved     keywords: [ 'image', 'resize' ],
36 silly install resolved     author: { name: 'TJ Holowaychuk', email: 'tj@learnboost.com' },
36 silly install resolved     dependencies: { graphicsmagick2: '0.1.2', debug: '*' },
36 silly install resolved     main: 'index',
36 silly install resolved     engines: { node: '*' },
36 silly install resolved     readme: '\n# resize\n\n  Image resizer built with node-canvas.\n\n## Installation\n\n    $ npm install resize\n\n## resize(path | buffer, width, height, callback)\n\n```js\nvar resize = require(\'resize\');\nresize(\'/path/to/image.png\', 300, 500, function(err, buf){});\nresize(imageBuffer, 100, 100, function(err, buf){});\n```\n\n## License \n\n(The MIT License)\n\nCopyright (c) 2011 TJ Holowaychuk &lt;tj@learnboost.com&gt;\n\nPermission is hereby granted, free of charge, to any person obtaining\na copy of this software and associated documentation files (the\n\'Software\'), to deal in the Software without restriction, including\nwithout limitation the rights to use, copy, modify, merge, publish,\ndistribute, sublicense, and/or sell copies of the Software, and to\npermit persons to whom the Software is furnished to do so, subject to\nthe following conditions:\n\nThe above copyright notice and this permission notice shall be\nincluded in all copies or substantial portions of the Software.\n\nTHE SOFTWARE IS PROVIDED \'AS IS\', WITHOUT WARRANTY OF ANY KIND,\nEXPRESS OR IMPLIED, INCLUDING BUT NOT LIMITED TO THE WARRANTIES OF\nMERCHANTABILITY, FITNESS FOR A PARTICULAR PURPOSE AND NONINFRINGEMENT.\nIN NO EVENT SHALL THE AUTHORS OR COPYRIGHT HOLDERS BE LIABLE FOR ANY\nCLAIM, DAMAGES OR OTHER LIABILITY, WHETHER IN AN ACTION OF CONTRACT,\nTORT OR OTHERWISE, ARISING FROM, OUT OF OR IN CONNECTION WITH THE\nSOFTWARE OR THE USE OR OTHER DEALINGS IN THE SOFTWARE.',
36 silly install resolved     readmeFilename: 'Readme.md',
36 silly install resolved     _id: 'resize@0.7.2',
36 silly install resolved     dist:
36 silly install resolved      { shasum: '9c423223e2464ded0fb7d77fe52e9fc02a1805dd',
36 silly install resolved        tarball: 'http://registry.npmjs.org/resize/-/resize-0.7.2.tgz' },
36 silly install resolved     _from: 'resize@0.7.2',
36 silly install resolved     _npmVersion: '1.2.30',
36 silly install resolved     _npmUser: { name: 'tjholowaychuk', email: 'tj@vision-media.ca' },
36 silly install resolved     maintainers: [ [Object] ],
36 silly install resolved     directories: {},
36 silly install resolved     _shasum: '9c423223e2464ded0fb7d77fe52e9fc02a1805dd',
36 silly install resolved     _resolved: 'https://registry.npmjs.org/resize/-/resize-0.7.2.tgz' } ]
37 info install resize@0.7.2 into C:\Users\chris\git\LabJack\pm\website_application_features
38 info installOne resize@0.7.2
39 verbose installOne of resize to C:\Users\chris\git\LabJack\pm\website_application_features not in flight; installing
40 verbose lock using C:\Users\chris\AppData\Roaming\npm-cache\_locks\resize-6a9a35e2563b7165.lock for C:\Users\chris\git\LabJack\pm\website_application_features\node_modules\resize
41 silly install write writing resize 0.7.2 to C:\Users\chris\git\LabJack\pm\website_application_features\node_modules\resize
42 silly cache addNamed cb resize@0.7.2
43 verbose unbuild node_modules\resize
44 verbose gentlyRm vacuuming C:\Users\chris\git\LabJack\pm\website_application_features\node_modules\resize
45 verbose tar unpack C:\Users\chris\AppData\Roaming\npm-cache\resize\0.7.2\package.tgz
46 verbose tar unpacking to C:\Users\chris\git\LabJack\pm\website_application_features\node_modules\resize
47 verbose gentlyRm vacuuming C:\Users\chris\git\LabJack\pm\website_application_features\node_modules\resize
48 silly gunzTarPerm modes [ '777', '666' ]
49 silly gunzTarPerm extractEntry package.json
50 silly gunzTarPerm modified mode [ 'package.json', 420, 438 ]
51 silly gunzTarPerm extractEntry .npmignore
52 silly gunzTarPerm modified mode [ '.npmignore', 420, 438 ]
53 silly gunzTarPerm extractEntry index.js
54 silly gunzTarPerm modified mode [ 'index.js', 420, 438 ]
55 silly gunzTarPerm extractEntry test.js
56 silly gunzTarPerm modified mode [ 'test.js', 420, 438 ]
57 silly gunzTarPerm extractEntry History.md
58 silly gunzTarPerm modified mode [ 'History.md', 420, 438 ]
59 silly gunzTarPerm extractEntry Makefile
60 silly gunzTarPerm modified mode [ 'Makefile', 420, 438 ]
61 silly gunzTarPerm extractEntry Readme.md
62 silly gunzTarPerm modified mode [ 'Readme.md', 420, 438 ]
63 info preinstall resize@0.7.2
64 silly prepareForInstallMany adding graphicsmagick2@0.1.2 from resize dependencies
65 silly prepareForInstallMany adding debug@* from resize dependencies
66 silly cache add args [ 'graphicsmagick2@0.1.2', null ]
67 verbose cache add spec graphicsmagick2@0.1.2
68 silly cache add args [ 'debug@*', null ]
69 verbose cache add spec debug@*
70 silly cache add parsed spec { raw: 'graphicsmagick2@0.1.2',
70 silly cache add   scope: null,
70 silly cache add   name: 'graphicsmagick2',
70 silly cache add   rawSpec: '0.1.2',
70 silly cache add   spec: '0.1.2',
70 silly cache add   type: 'version' }
71 verbose addNamed graphicsmagick2@0.1.2
72 silly addNamed semver.valid 0.1.2
73 silly addNamed semver.validRange 0.1.2
74 silly mapToRegistry name graphicsmagick2
75 silly mapToRegistry using default registry
76 silly mapToRegistry registry https://registry.npmjs.org/
77 silly mapToRegistry uri https://registry.npmjs.org/graphicsmagick2
78 verbose addNameVersion registry:https://registry.npmjs.org/graphicsmagick2 not in flight; fetching
79 silly cache add parsed spec { raw: 'debug@*',
79 silly cache add   scope: null,
79 silly cache add   name: 'debug',
79 silly cache add   rawSpec: '*',
79 silly cache add   spec: '*',
79 silly cache add   type: 'range' }
80 verbose addNamed debug@*
81 silly addNamed semver.valid null
82 silly addNamed semver.validRange *
83 silly addNameRange { name: 'debug', range: '*', hasData: false }
84 silly mapToRegistry name debug
85 silly mapToRegistry using default registry
86 silly mapToRegistry registry https://registry.npmjs.org/
87 silly mapToRegistry uri https://registry.npmjs.org/debug
88 verbose addNameRange registry:https://registry.npmjs.org/debug not in flight; fetching
89 verbose request uri https://registry.npmjs.org/debug
90 verbose request no auth needed
91 info attempt registry request try #1 at 12:46:07 PM
92 verbose etag "3TK8RLK6VGD7KKACR9IETFGUA"
93 http request GET https://registry.npmjs.org/debug
94 verbose request uri https://registry.npmjs.org/graphicsmagick2
95 verbose request no auth needed
96 info attempt registry request try #1 at 12:46:07 PM
97 verbose etag "DSTI5OSE0RXVXVCH1K5I5J6I4"
98 http request GET https://registry.npmjs.org/graphicsmagick2
99 http 304 https://registry.npmjs.org/debug
100 silly get cb [ 304,
100 silly get   { date: 'Thu, 30 Jul 2015 18:46:06 GMT',
100 silly get     via: '1.1 varnish',
100 silly get     'cache-control': 'max-age=60',
100 silly get     etag: '"3TK8RLK6VGD7KKACR9IETFGUA"',
100 silly get     age: '28',
100 silly get     connection: 'keep-alive',
100 silly get     'x-served-by': 'cache-sjc3123-SJC',
100 silly get     'x-cache': 'HIT',
100 silly get     'x-cache-hits': '3',
100 silly get     'x-timer': 'S1438281966.656685,VS0,VE0',
100 silly get     vary: 'Accept' } ]
101 verbose etag https://registry.npmjs.org/debug from cache
102 verbose get saving debug to C:\Users\chris\AppData\Roaming\npm-cache\registry.npmjs.org\debug\.cache.json
103 silly addNameRange number 2 { name: 'debug', range: '*', hasData: true }
104 silly addNameRange versions [ 'debug',
104 silly addNameRange   [ '0.0.1',
104 silly addNameRange     '0.1.0',
104 silly addNameRange     '0.2.0',
104 silly addNameRange     '0.3.0',
104 silly addNameRange     '0.4.0',
104 silly addNameRange     '0.4.1',
104 silly addNameRange     '0.5.0',
104 silly addNameRange     '0.6.0',
104 silly addNameRange     '0.7.0',
104 silly addNameRange     '0.7.1',
104 silly addNameRange     '0.7.2',
104 silly addNameRange     '0.7.3',
104 silly addNameRange     '0.7.4',
104 silly addNameRange     '0.8.0',
104 silly addNameRange     '0.8.1',
104 silly addNameRange     '1.0.0',
104 silly addNameRange     '1.0.1',
104 silly addNameRange     '1.0.2',
104 silly addNameRange     '1.0.3',
104 silly addNameRange     '1.0.4',
104 silly addNameRange     '2.0.0',
104 silly addNameRange     '2.1.0',
104 silly addNameRange     '2.1.1',
104 silly addNameRange     '2.1.2',
104 silly addNameRange     '2.1.3',
104 silly addNameRange     '2.2.0' ] ]
105 verbose addNamed debug@2.2.0
106 silly addNamed semver.valid 2.2.0
107 silly addNamed semver.validRange 2.2.0
108 silly cache afterAdd debug@2.2.0
109 verbose afterAdd C:\Users\chris\AppData\Roaming\npm-cache\debug\2.2.0\package\package.json not in flight; writing
110 verbose afterAdd C:\Users\chris\AppData\Roaming\npm-cache\debug\2.2.0\package\package.json written
111 http 304 https://registry.npmjs.org/graphicsmagick2
112 silly get cb [ 304,
112 silly get   { date: 'Thu, 30 Jul 2015 18:46:06 GMT',
112 silly get     via: '1.1 varnish',
112 silly get     'cache-control': 'max-age=60',
112 silly get     etag: '"DSTI5OSE0RXVXVCH1K5I5J6I4"',
112 silly get     age: '0',
112 silly get     connection: 'keep-alive',
112 silly get     'x-served-by': 'cache-sjc3130-SJC',
112 silly get     'x-cache': 'MISS',
112 silly get     'x-cache-hits': '0',
112 silly get     'x-timer': 'S1438281966.643597,VS0,VE42',
112 silly get     vary: 'Accept' } ]
113 verbose etag https://registry.npmjs.org/graphicsmagick2 from cache
114 verbose get saving graphicsmagick2 to C:\Users\chris\AppData\Roaming\npm-cache\registry.npmjs.org\graphicsmagick2\.cache.json
115 silly cache afterAdd graphicsmagick2@0.1.2
116 verbose afterAdd C:\Users\chris\AppData\Roaming\npm-cache\graphicsmagick2\0.1.2\package\package.json not in flight; writing
117 verbose afterAdd C:\Users\chris\AppData\Roaming\npm-cache\graphicsmagick2\0.1.2\package\package.json written
118 silly install resolved [ { name: 'debug',
118 silly install resolved     version: '2.2.0',
118 silly install resolved     repository: { type: 'git', url: 'git://github.com/visionmedia/debug.git' },
118 silly install resolved     description: 'small debugging utility',
118 silly install resolved     keywords: [ 'debug', 'log', 'debugger' ],
118 silly install resolved     author: { name: 'TJ Holowaychuk', email: 'tj@vision-media.ca' },
118 silly install resolved     contributors: [ [Object] ],
118 silly install resolved     license: 'MIT',
118 silly install resolved     dependencies: { ms: '0.7.1' },
118 silly install resolved     devDependencies: { browserify: '9.0.3', mocha: '*' },
118 silly install resolved     main: './node.js',
118 silly install resolved     browser: './browser.js',
118 silly install resolved     component: { scripts: [Object] },
118 silly install resolved     gitHead: 'b38458422b5aa8aa6d286b10dfe427e8a67e2b35',
118 silly install resolved     bugs: { url: 'https://github.com/visionmedia/debug/issues' },
118 silly install resolved     homepage: 'https://github.com/visionmedia/debug',
118 silly install resolved     _id: 'debug@2.2.0',
118 silly install resolved     scripts: {},
118 silly install resolved     _shasum: 'f87057e995b1a1f6ae6a4960664137bc56f039da',
118 silly install resolved     _from: 'debug@*',
118 silly install resolved     _npmVersion: '2.7.4',
118 silly install resolved     _nodeVersion: '0.12.2',
118 silly install resolved     _npmUser: { name: 'tootallnate', email: 'nathan@tootallnate.net' },
118 silly install resolved     maintainers: [ [Object], [Object] ],
118 silly install resolved     dist:
118 silly install resolved      { shasum: 'f87057e995b1a1f6ae6a4960664137bc56f039da',
118 silly install resolved        tarball: 'http://registry.npmjs.org/debug/-/debug-2.2.0.tgz' },
118 silly install resolved     directories: {},
118 silly install resolved     _resolved: 'https://registry.npmjs.org/debug/-/debug-2.2.0.tgz',
118 silly install resolved     readme: 'ERROR: No README data found!' },
118 silly install resolved   { name: 'graphicsmagick2',
118 silly install resolved     description: 'Bindings to the graphicsmagick library.',
118 silly install resolved     version: '0.1.2',
118 silly install resolved     author: { name: 'Izaak Schroeder' },
118 silly install resolved     repository:
118 silly install resolved      { type: 'git',
118 silly install resolved        url: 'git://github.com/LearnBoost/node-graphicsmagick.git' },
118 silly install resolved     engine: 'node >= 0.6.0',
118 silly install resolved     scripts: { install: 'node-gyp rebuild' },
118 silly install resolved     gypfile: true,
118 silly install resolved     bugs: { url: 'https://github.com/LearnBoost/node-graphicsmagick/issues' },
118 silly install resolved     _id: 'graphicsmagick2@0.1.2',
118 silly install resolved     dist:
118 silly install resolved      { shasum: '8cbceb16d8cfa6a1d88ae9d7d9efd2fb258751fd',
118 silly install resolved        tarball: 'http://registry.npmjs.org/graphicsmagick2/-/graphicsmagick2-0.1.2.tgz' },
118 silly install resolved     _from: 'graphicsmagick2@0.1.2',
118 silly install resolved     _npmVersion: '1.2.30',
118 silly install resolved     _npmUser: { name: 'tjholowaychuk', email: 'tj@vision-media.ca' },
118 silly install resolved     maintainers: [ [Object] ],
118 silly install resolved     directories: {},
118 silly install resolved     _shasum: '8cbceb16d8cfa6a1d88ae9d7d9efd2fb258751fd',
118 silly install resolved     _resolved: 'https://registry.npmjs.org/graphicsmagick2/-/graphicsmagick2-0.1.2.tgz',
118 silly install resolved     readme: 'ERROR: No README data found!',
118 silly install resolved     homepage: 'https://github.com/LearnBoost/node-graphicsmagick' } ]
119 info install debug@2.2.0 into C:\Users\chris\git\LabJack\pm\website_application_features\node_modules\resize
120 info install graphicsmagick2@0.1.2 into C:\Users\chris\git\LabJack\pm\website_application_features\node_modules\resize
121 info installOne debug@2.2.0
122 verbose installOne of debug to C:\Users\chris\git\LabJack\pm\website_application_features\node_modules\resize not in flight; installing
123 info installOne graphicsmagick2@0.1.2
124 verbose installOne of graphicsmagick2 to C:\Users\chris\git\LabJack\pm\website_application_features\node_modules\resize not in flight; installing
125 verbose lock using C:\Users\chris\AppData\Roaming\npm-cache\_locks\debug-e7aed0ec031b26d7.lock for C:\Users\chris\git\LabJack\pm\website_application_features\node_modules\resize\node_modules\debug
126 verbose lock using C:\Users\chris\AppData\Roaming\npm-cache\_locks\graphicsmagick2-f7d79867024e8a98.lock for C:\Users\chris\git\LabJack\pm\website_application_features\node_modules\resize\node_modules\graphicsmagick2
127 silly install write writing debug 2.2.0 to C:\Users\chris\git\LabJack\pm\website_application_features\node_modules\resize\node_modules\debug
128 silly cache addNamed cb debug@2.2.0
129 verbose unbuild node_modules\resize\node_modules\debug
130 silly install write writing graphicsmagick2 0.1.2 to C:\Users\chris\git\LabJack\pm\website_application_features\node_modules\resize\node_modules\graphicsmagick2
131 silly cache addNamed cb graphicsmagick2@0.1.2
132 verbose unbuild node_modules\resize\node_modules\graphicsmagick2
133 verbose gentlyRm vacuuming C:\Users\chris\git\LabJack\pm\website_application_features\node_modules\resize\node_modules\debug
134 verbose gentlyRm vacuuming C:\Users\chris\git\LabJack\pm\website_application_features\node_modules\resize\node_modules\graphicsmagick2
135 verbose tar unpack C:\Users\chris\AppData\Roaming\npm-cache\debug\2.2.0\package.tgz
136 verbose tar unpacking to C:\Users\chris\git\LabJack\pm\website_application_features\node_modules\resize\node_modules\debug
137 verbose gentlyRm vacuuming C:\Users\chris\git\LabJack\pm\website_application_features\node_modules\resize\node_modules\debug
138 verbose tar unpack C:\Users\chris\AppData\Roaming\npm-cache\graphicsmagick2\0.1.2\package.tgz
139 verbose tar unpacking to C:\Users\chris\git\LabJack\pm\website_application_features\node_modules\resize\node_modules\graphicsmagick2
140 verbose gentlyRm vacuuming C:\Users\chris\git\LabJack\pm\website_application_features\node_modules\resize\node_modules\graphicsmagick2
141 silly gunzTarPerm modes [ '777', '666' ]
142 silly gunzTarPerm modes [ '777', '666' ]
143 silly gunzTarPerm extractEntry package.json
144 silly gunzTarPerm modified mode [ 'package.json', 420, 438 ]
145 silly gunzTarPerm extractEntry .npmignore
146 silly gunzTarPerm modified mode [ '.npmignore', 420, 438 ]
147 silly gunzTarPerm extractEntry node.js
148 silly gunzTarPerm modified mode [ 'node.js', 420, 438 ]
149 silly gunzTarPerm extractEntry package.json
150 silly gunzTarPerm modified mode [ 'package.json', 493, 511 ]
151 silly gunzTarPerm extractEntry .npmignore
152 silly gunzTarPerm modified mode [ '.npmignore', 420, 438 ]
153 silly gunzTarPerm extractEntry test.js
154 silly gunzTarPerm modified mode [ 'test.js', 493, 511 ]
155 silly gunzTarPerm extractEntry debug.js
156 silly gunzTarPerm modified mode [ 'debug.js', 420, 438 ]
157 silly gunzTarPerm extractEntry browser.js
158 silly gunzTarPerm modified mode [ 'browser.js', 420, 438 ]
159 silly gunzTarPerm extractEntry binding.gyp
160 silly gunzTarPerm modified mode [ 'binding.gyp', 420, 438 ]
161 silly gunzTarPerm extractEntry build/binding.Makefile
162 silly gunzTarPerm modified mode [ 'build/binding.Makefile', 420, 438 ]
163 silly gunzTarPerm extractEntry Readme.md
164 silly gunzTarPerm modified mode [ 'Readme.md', 420, 438 ]
165 silly gunzTarPerm extractEntry build/config.gypi
166 silly gunzTarPerm modified mode [ 'build/config.gypi', 420, 438 ]
167 silly gunzTarPerm extractEntry build/GraphicsMagick.target.mk
168 silly gunzTarPerm modified mode [ 'build/GraphicsMagick.target.mk', 420, 438 ]
169 silly gunzTarPerm extractEntry bower.json
170 silly gunzTarPerm modified mode [ 'bower.json', 420, 438 ]
171 silly gunzTarPerm extractEntry .jshintrc
172 silly gunzTarPerm modified mode [ '.jshintrc', 420, 438 ]
173 silly gunzTarPerm extractEntry build/gyp-mac-tool
174 silly gunzTarPerm modified mode [ 'build/gyp-mac-tool', 493, 511 ]
175 silly gunzTarPerm extractEntry build/Makefile
176 silly gunzTarPerm modified mode [ 'build/Makefile', 420, 438 ]
177 silly gunzTarPerm extractEntry build/Release/.deps/Release/GraphicsMagick.node.d
178 silly gunzTarPerm modified mode [ 'build/Release/.deps/Release/GraphicsMagick.node.d', 420, 438 ]
179 silly gunzTarPerm extractEntry build/Release/.deps/Release/obj.target/GraphicsMagick/GraphicsMagick.o.d
180 silly gunzTarPerm modified mode [ 'build/Release/.deps/Release/obj.target/GraphicsMagick/GraphicsMagick.o.d',
180 silly gunzTarPerm   420,
180 silly gunzTarPerm   438 ]
181 silly gunzTarPerm extractEntry component.json
182 silly gunzTarPerm modified mode [ 'component.json', 420, 438 ]
183 silly gunzTarPerm extractEntry Makefile
184 silly gunzTarPerm modified mode [ 'Makefile', 420, 438 ]
185 silly gunzTarPerm extractEntry build/Release/GraphicsMagick.node
186 silly gunzTarPerm modified mode [ 'build/Release/GraphicsMagick.node', 493, 511 ]
187 silly gunzTarPerm extractEntry build/Release/linker.lock
188 silly gunzTarPerm modified mode [ 'build/Release/linker.lock', 420, 438 ]
189 silly gunzTarPerm extractEntry History.md
190 silly gunzTarPerm modified mode [ 'History.md', 420, 438 ]
191 silly gunzTarPerm extractEntry build/Release/obj.target/GraphicsMagick/GraphicsMagick.o
192 silly gunzTarPerm modified mode [ 'build/Release/obj.target/GraphicsMagick/GraphicsMagick.o',
192 silly gunzTarPerm   420,
192 silly gunzTarPerm   438 ]
193 silly gunzTarPerm extractEntry GraphicsMagick.cc
194 silly gunzTarPerm modified mode [ 'GraphicsMagick.cc', 493, 511 ]
195 silly gunzTarPerm extractEntry History.md
196 silly gunzTarPerm modified mode [ 'History.md', 420, 438 ]
197 silly gunzTarPerm extractEntry README.creole
198 silly gunzTarPerm modified mode [ 'README.creole', 493, 511 ]
199 silly gunzTarPerm extractEntry test.jpg
200 silly gunzTarPerm modified mode [ 'test.jpg', 420, 438 ]
201 info preinstall debug@2.2.0
202 silly prepareForInstallMany adding ms@0.7.1 from debug dependencies
203 silly cache add args [ 'ms@0.7.1', null ]
204 verbose cache add spec ms@0.7.1
205 silly cache add parsed spec { raw: 'ms@0.7.1',
205 silly cache add   scope: null,
205 silly cache add   name: 'ms',
205 silly cache add   rawSpec: '0.7.1',
205 silly cache add   spec: '0.7.1',
205 silly cache add   type: 'version' }
206 verbose addNamed ms@0.7.1
207 silly addNamed semver.valid 0.7.1
208 silly addNamed semver.validRange 0.7.1
209 silly mapToRegistry name ms
210 silly mapToRegistry using default registry
211 silly mapToRegistry registry https://registry.npmjs.org/
212 silly mapToRegistry uri https://registry.npmjs.org/ms
213 verbose addNameVersion registry:https://registry.npmjs.org/ms not in flight; fetching
214 verbose request uri https://registry.npmjs.org/ms
215 verbose request no auth needed
216 info attempt registry request try #1 at 12:46:07 PM
217 verbose etag "424X2DEQTCX34GV3Q8X3121YB"
218 http request GET https://registry.npmjs.org/ms
219 silly gunzTarPerm extractEntry wscript
220 silly gunzTarPerm modified mode [ 'wscript', 493, 511 ]
221 info preinstall graphicsmagick2@0.1.2
222 silly install resolved []
223 verbose about to build C:\Users\chris\git\LabJack\pm\website_application_features\node_modules\resize\node_modules\graphicsmagick2
224 info build C:\Users\chris\git\LabJack\pm\website_application_features\node_modules\resize\node_modules\graphicsmagick2
225 verbose linkStuff [ false,
225 verbose linkStuff   false,
225 verbose linkStuff   false,
225 verbose linkStuff   'C:\\Users\\chris\\git\\LabJack\\pm\\website_application_features\\node_modules\\resize\\node_modules' ]
226 info linkStuff graphicsmagick2@0.1.2
227 verbose linkBins graphicsmagick2@0.1.2
228 verbose linkMans graphicsmagick2@0.1.2
229 verbose rebuildBundles graphicsmagick2@0.1.2
230 info install graphicsmagick2@0.1.2
231 verbose unsafe-perm in lifecycle true
232 http 304 https://registry.npmjs.org/ms
233 silly get cb [ 304,
233 silly get   { date: 'Thu, 30 Jul 2015 18:46:06 GMT',
233 silly get     via: '1.1 varnish',
233 silly get     'cache-control': 'max-age=60',
233 silly get     etag: '"424X2DEQTCX34GV3Q8X3121YB"',
233 silly get     age: '42',
233 silly get     connection: 'keep-alive',
233 silly get     'x-served-by': 'cache-sjc3132-SJC',
233 silly get     'x-cache': 'HIT',
233 silly get     'x-cache-hits': '1',
233 silly get     'x-timer': 'S1438281966.963900,VS0,VE0',
233 silly get     vary: 'Accept' } ]
234 verbose etag https://registry.npmjs.org/ms from cache
235 verbose get saving ms to C:\Users\chris\AppData\Roaming\npm-cache\registry.npmjs.org\ms\.cache.json
236 silly cache afterAdd ms@0.7.1
237 verbose afterAdd C:\Users\chris\AppData\Roaming\npm-cache\ms\0.7.1\package\package.json not in flight; writing
238 verbose afterAdd C:\Users\chris\AppData\Roaming\npm-cache\ms\0.7.1\package\package.json written
239 silly install resolved [ { name: 'ms',
239 silly install resolved     version: '0.7.1',
239 silly install resolved     description: 'Tiny ms conversion utility',
239 silly install resolved     repository: { type: 'git', url: 'git://github.com/guille/ms.js.git' },
239 silly install resolved     main: './index',
239 silly install resolved     devDependencies: { mocha: '*', 'expect.js': '*', serve: '*' },
239 silly install resolved     component: { scripts: [Object] },
239 silly install resolved     gitHead: '713dcf26d9e6fd9dbc95affe7eff9783b7f1b909',
239 silly install resolved     bugs: { url: 'https://github.com/guille/ms.js/issues' },
239 silly install resolved     homepage: 'https://github.com/guille/ms.js',
239 silly install resolved     _id: 'ms@0.7.1',
239 silly install resolved     scripts: {},
239 silly install resolved     _shasum: '9cd13c03adbff25b65effde7ce864ee952017098',
239 silly install resolved     _from: 'ms@0.7.1',
239 silly install resolved     _npmVersion: '2.7.5',
239 silly install resolved     _nodeVersion: '0.12.2',
239 silly install resolved     _npmUser: { name: 'rauchg', email: 'rauchg@gmail.com' },
239 silly install resolved     maintainers: [ [Object] ],
239 silly install resolved     dist:
239 silly install resolved      { shasum: '9cd13c03adbff25b65effde7ce864ee952017098',
239 silly install resolved        tarball: 'http://registry.npmjs.org/ms/-/ms-0.7.1.tgz' },
239 silly install resolved     directories: {},
239 silly install resolved     _resolved: 'https://registry.npmjs.org/ms/-/ms-0.7.1.tgz',
239 silly install resolved     readme: 'ERROR: No README data found!' } ]
240 info install ms@0.7.1 into C:\Users\chris\git\LabJack\pm\website_application_features\node_modules\resize\node_modules\debug
241 info installOne ms@0.7.1
242 verbose installOne of ms to C:\Users\chris\git\LabJack\pm\website_application_features\node_modules\resize\node_modules\debug not in flight; installing
243 verbose lock using C:\Users\chris\AppData\Roaming\npm-cache\_locks\ms-c12cff4802e78f69.lock for C:\Users\chris\git\LabJack\pm\website_application_features\node_modules\resize\node_modules\debug\node_modules\ms
244 silly install write writing ms 0.7.1 to C:\Users\chris\git\LabJack\pm\website_application_features\node_modules\resize\node_modules\debug\node_modules\ms
245 silly cache addNamed cb ms@0.7.1
246 verbose unbuild node_modules\resize\node_modules\debug\node_modules\ms
247 verbose gentlyRm vacuuming C:\Users\chris\git\LabJack\pm\website_application_features\node_modules\resize\node_modules\debug\node_modules\ms
248 verbose tar unpack C:\Users\chris\AppData\Roaming\npm-cache\ms\0.7.1\package.tgz
249 verbose tar unpacking to C:\Users\chris\git\LabJack\pm\website_application_features\node_modules\resize\node_modules\debug\node_modules\ms
250 verbose gentlyRm vacuuming C:\Users\chris\git\LabJack\pm\website_application_features\node_modules\resize\node_modules\debug\node_modules\ms
251 silly gunzTarPerm modes [ '777', '666' ]
252 silly gunzTarPerm extractEntry package.json
253 silly gunzTarPerm modified mode [ 'package.json', 420, 438 ]
254 silly gunzTarPerm extractEntry .npmignore
255 silly gunzTarPerm modified mode [ '.npmignore', 420, 438 ]
256 silly gunzTarPerm extractEntry README.md
257 silly gunzTarPerm modified mode [ 'README.md', 420, 438 ]
258 silly gunzTarPerm extractEntry LICENSE
259 silly gunzTarPerm modified mode [ 'LICENSE', 420, 438 ]
260 silly gunzTarPerm extractEntry index.js
261 silly gunzTarPerm modified mode [ 'index.js', 420, 438 ]
262 silly gunzTarPerm extractEntry History.md
263 silly gunzTarPerm modified mode [ 'History.md', 420, 438 ]
264 info preinstall ms@0.7.1
265 silly install resolved []
266 verbose about to build C:\Users\chris\git\LabJack\pm\website_application_features\node_modules\resize\node_modules\debug\node_modules\ms
267 info build C:\Users\chris\git\LabJack\pm\website_application_features\node_modules\resize\node_modules\debug\node_modules\ms
268 verbose linkStuff [ false,
268 verbose linkStuff   false,
268 verbose linkStuff   false,
268 verbose linkStuff   'C:\\Users\\chris\\git\\LabJack\\pm\\website_application_features\\node_modules\\resize\\node_modules\\debug\\node_modules' ]
269 info linkStuff ms@0.7.1
270 verbose linkBins ms@0.7.1
271 verbose linkMans ms@0.7.1
272 verbose rebuildBundles ms@0.7.1
273 info install ms@0.7.1
274 info postinstall ms@0.7.1
275 verbose unlock done using C:\Users\chris\AppData\Roaming\npm-cache\_locks\ms-c12cff4802e78f69.lock for C:\Users\chris\git\LabJack\pm\website_application_features\node_modules\resize\node_modules\debug\node_modules\ms
276 verbose about to build C:\Users\chris\git\LabJack\pm\website_application_features\node_modules\resize\node_modules\debug
277 info build C:\Users\chris\git\LabJack\pm\website_application_features\node_modules\resize\node_modules\debug
278 verbose linkStuff [ false,
278 verbose linkStuff   false,
278 verbose linkStuff   false,
278 verbose linkStuff   'C:\\Users\\chris\\git\\LabJack\\pm\\website_application_features\\node_modules\\resize\\node_modules' ]
279 info linkStuff debug@2.2.0
280 verbose linkBins debug@2.2.0
281 verbose linkMans debug@2.2.0
282 verbose rebuildBundles debug@2.2.0
283 verbose rebuildBundles [ 'ms' ]
284 info install debug@2.2.0
285 info postinstall debug@2.2.0
286 verbose unlock done using C:\Users\chris\AppData\Roaming\npm-cache\_locks\debug-e7aed0ec031b26d7.lock for C:\Users\chris\git\LabJack\pm\website_application_features\node_modules\resize\node_modules\debug
287 info graphicsmagick2@0.1.2 Failed to exec install script
288 verbose unlock done using C:\Users\chris\AppData\Roaming\npm-cache\_locks\graphicsmagick2-f7d79867024e8a98.lock for C:\Users\chris\git\LabJack\pm\website_application_features\node_modules\resize\node_modules\graphicsmagick2
289 verbose about to build C:\Users\chris\git\LabJack\pm\website_application_features\node_modules\resize
290 verbose unlock done using C:\Users\chris\AppData\Roaming\npm-cache\_locks\resize-6a9a35e2563b7165.lock for C:\Users\chris\git\LabJack\pm\website_application_features\node_modules\resize
291 verbose stack Error: graphicsmagick2@0.1.2 install: `node-gyp rebuild`
291 verbose stack Exit status 1
291 verbose stack     at EventEmitter.<anonymous> (C:\Program Files (x86)\nodejs\node_modules\npm\lib\utils\lifecycle.js:213:16)
291 verbose stack     at EventEmitter.emit (events.js:110:17)
291 verbose stack     at ChildProcess.<anonymous> (C:\Program Files (x86)\nodejs\node_modules\npm\lib\utils\spawn.js:14:12)
291 verbose stack     at ChildProcess.emit (events.js:110:17)
291 verbose stack     at maybeClose (child_process.js:1008:16)
291 verbose stack     at Process.ChildProcess._handle.onexit (child_process.js:1080:5)
292 verbose pkgid graphicsmagick2@0.1.2
293 verbose cwd C:\Users\chris\git\LabJack\pm\website_application_features
294 error Windows_NT 6.3.9600
295 error argv "C:\\Program Files (x86)\\nodejs\\\\node.exe" "C:\\Program Files (x86)\\nodejs\\node_modules\\npm\\bin\\npm-cli.js" "update"
296 error node v0.12.1
297 error npm  v2.5.1
298 error code ELIFECYCLE
299 error graphicsmagick2@0.1.2 install: `node-gyp rebuild`
299 error Exit status 1
300 error Failed at the graphicsmagick2@0.1.2 install script 'node-gyp rebuild'.
300 error This is most likely a problem with the graphicsmagick2 package,
300 error not with npm itself.
300 error Tell the author that this fails on your system:
300 error     node-gyp rebuild
300 error You can get their info via:
300 error     npm owner ls graphicsmagick2
300 error There is likely additional logging output above.
301 verbose exit [ 1, true ]
302 verbose unbuild node_modules\resize\node_modules\graphicsmagick2
303 info preuninstall graphicsmagick2@0.1.2
304 info uninstall graphicsmagick2@0.1.2
305 verbose unbuild rmStuff graphicsmagick2@0.1.2 from C:\Users\chris\git\LabJack\pm\website_application_features\node_modules
306 verbose unbuild rmStuff in C:\Users\chris\git\LabJack\pm\website_application_features\node_modules\resize\node_modules
307 info postuninstall graphicsmagick2@0.1.2
308 verbose gentlyRm vacuuming C:\Users\chris\git\LabJack\pm\website_application_features\node_modules\resize\node_modules\graphicsmagick2
309 silly gentlyRm purging C:\Users\chris\git\LabJack\pm\website_application_features\node_modules\resize\node_modules\graphicsmagick2
310 silly gentlyRm quitting because other entries in C:\Users\chris\git\LabJack\pm\website_application_features\node_modules\resize\node_modules
311 verbose unbuild node_modules\resize
312 info preuninstall resize@0.7.2
313 info uninstall resize@0.7.2
314 verbose unbuild rmStuff resize@0.7.2 from C:\Users\chris\git\LabJack\pm\website_application_features\node_modules
315 info postuninstall resize@0.7.2
316 verbose gentlyRm vacuuming C:\Users\chris\git\LabJack\pm\website_application_features\node_modules\resize
317 silly gentlyRm purging C:\Users\chris\git\LabJack\pm\website_application_features\node_modules\resize
318 silly gentlyRm removing C:\Users\chris\git\LabJack\pm\website_application_features\node_modules
319 silly gentlyRm finished vacuuming up to C:\Users\chris\git\LabJack\pm\website_application_features
